[debug] [2020-12-19T06:01:32.050Z] ----------------------------------------------------------------------
[debug] [2020-12-19T06:01:32.054Z] Command:       C:\Program Files\nodejs\node.exe C:\Users\Sreehari\AppData\Roaming\npm\node_modules\firebase-tools\lib\bin\firebase.js deploy
[debug] [2020-12-19T06:01:32.054Z] CLI Version:   8.16.2
[debug] [2020-12-19T06:01:32.054Z] Platform:      win32
[debug] [2020-12-19T06:01:32.054Z] Node Version:  v12.18.3
[debug] [2020-12-19T06:01:32.057Z] Time:          Sat Dec 19 2020 11:31:32 GMT+0530 (India Standard Time)
[debug] [2020-12-19T06:01:32.057Z] ----------------------------------------------------------------------
[debug] [2020-12-19T06:01:32.058Z] 
[debug] [2020-12-19T06:01:32.123Z] > command requires scopes: ["email","openid","https://www.googleapis.com/auth/cloudplatformprojects.readonly","https://www.googleapis.com/auth/firebase","https://www.googleapis.com/auth/cloud-platform"]
[debug] [2020-12-19T06:01:32.124Z] > authorizing via signed-in user
[debug] [2020-12-19T06:01:32.125Z] [iam] checking project airbnb-clone-2d359 for permissions ["firebase.projects.get","firebasehosting.sites.update"]
[debug] [2020-12-19T06:01:32.132Z] > refreshing access token with scopes: ["email","https://www.googleapis.com/auth/cloud-platform","https://www.googleapis.com/auth/cloudplatformprojects.readonly","https://www.googleapis.com/auth/firebase","openid"]
[debug] [2020-12-19T06:01:32.133Z] >>> HTTP REQUEST POST https://www.googleapis.com/oauth2/v3/token  
 <request body omitted>
[debug] [2020-12-19T06:01:32.836Z] <<< HTTP RESPONSE 200 {"pragma":"no-cache","cache-control":"no-cache, no-store, max-age=0, must-revalidate","date":"Sat, 19 Dec 2020 06:01:32 GMT","expires":"Mon, 01 Jan 1990 00:00:00 GMT","content-type":"application/json; charset=utf-8","vary":"X-Origin, Referer, Origin,Accept-Encoding","server":"scaffolding on HTTPServer2","x-xss-protection":"0","x-frame-options":"SAMEORIGIN","x-content-type-options":"nosniff","alt-svc":"h3-29=\":443\"; ma=2592000,h3-T051=\":443\"; ma=2592000,h3-Q050=\":443\"; ma=2592000,h3-Q046=\":443\"; ma=2592000,h3-Q043=\":443\"; ma=2592000,quic=\":443\"; ma=2592000; v=\"46,43\"","accept-ranges":"none","transfer-encoding":"chunked"}
[debug] [2020-12-19T06:01:34.054Z] >>> HTTP REQUEST POST https://cloudresourcemanager.googleapis.com/v1/projects/airbnb-clone-2d359:testIamPermissions  
 {"permissions":["firebase.projects.get","firebasehosting.sites.update"]}
[debug] [2020-12-19T06:01:35.851Z] <<< HTTP RESPONSE 200 {"content-type":"application/json; charset=UTF-8","vary":"X-Origin, Referer, Origin,Accept-Encoding","date":"Sat, 19 Dec 2020 06:01:35 GMT","server":"ESF","cache-control":"private","x-xss-protection":"0","x-frame-options":"SAMEORIGIN","x-content-type-options":"nosniff","server-timing":"gfet4t7; dur=1249","alt-svc":"h3-29=\":443\"; ma=2592000,h3-T051=\":443\"; ma=2592000,h3-Q050=\":443\"; ma=2592000,h3-Q046=\":443\"; ma=2592000,h3-Q043=\":443\"; ma=2592000,quic=\":443\"; ma=2592000; v=\"46,43\"","accept-ranges":"none","transfer-encoding":"chunked"}
[debug] [2020-12-19T06:01:35.853Z] >>> HTTP REQUEST GET https://firebase.googleapis.com/v1beta1/projects/airbnb-clone-2d359  
 
[debug] [2020-12-19T06:01:56.914Z] Server Error. connect ETIMEDOUT 216.58.200.138:443
[debug] [2020-12-19T06:01:57.484Z] FirebaseError: Server Error. connect ETIMEDOUT 216.58.200.138:443
    at Request._callback (C:\Users\Sreehari\AppData\Roaming\npm\node_modules\firebase-tools\lib\api.js:32:31)
    at self.callback (C:\Users\Sreehari\AppData\Roaming\npm\node_modules\firebase-tools\node_modules\request\request.js:185:22)
    at Request.emit (events.js:315:20)
    at Request.EventEmitter.emit (domain.js:483:12)
    at Request.onRequestError (C:\Users\Sreehari\AppData\Roaming\npm\node_modules\firebase-tools\node_modules\request\request.js:877:8)
    at ClientRequest.emit (events.js:327:22)
    at ClientRequest.EventEmitter.emit (domain.js:483:12)
    at TLSSocket.socketErrorListener (_http_client.js:426:9)
    at TLSSocket.emit (events.js:315:20)
    at TLSSocket.EventEmitter.emit (domain.js:483:12)
    at emitErrorNT (internal/streams/destroy.js:92:8)
    at emitErrorAndCloseNT (internal/streams/destroy.js:60:3)
    at processTicksAndRejections (internal/process/task_queues.js:84:21)
[error] 
[error] Error: Failed to get Firebase project airbnb-clone-2d359. Please make sure the project exists and your account has permission to access it.
